<?xml version="1.0" encoding="UTF-8"?>
<testng-results ignored="0" total="5" passed="5" failed="0" skipped="0">
  <reporter-output>
  </reporter-output>
  <suite started-at="2024-03-05T18:54:12 IST" name="Suite" finished-at="2024-03-05T18:54:13 IST" duration-ms="717">
    <groups>
    </groups>
    <test started-at="2024-03-05T18:54:12 IST" name="Test" finished-at="2024-03-05T18:54:13 IST" duration-ms="717">
      <class name="andoorathodi.MavenFeb2024.ExcelSample">
        <test-method signature="sample()[pri:0, instance:andoorathodi.MavenFeb2024.ExcelSample@515f4131]" started-at="2024-03-05T18:54:12 IST" name="sample" finished-at="2024-03-05T18:54:12 IST" duration-ms="11" status="PASS">
          <reporter-output>
          </reporter-output>
        </test-method> <!-- sample -->
        <test-method signature="test(java.lang.String,java.lang.String,java.lang.String,java.lang.String)[pri:0, instance:andoorathodi.MavenFeb2024.ExcelSample@515f4131]" started-at="2024-03-05T18:54:13 IST" name="test" data-provider="getDataTest" finished-at="2024-03-05T18:54:13 IST" duration-ms="2" status="PASS">
          <params>
            <param index="0">
              <value>
                <![CDATA[1]]>
              </value>
            </param>
            <param index="1">
              <value>
                <![CDATA[101]]>
              </value>
            </param>
            <param index="2">
              <value>
                <![CDATA[Alex]]>
              </value>
            </param>
            <param index="3">
              <value>
                <![CDATA[Mech]]>
              </value>
            </param>
          </params>
          <reporter-output>
          </reporter-output>
        </test-method> <!-- test -->
        <test-method signature="test(java.lang.String,java.lang.String,java.lang.String,java.lang.String)[pri:0, instance:andoorathodi.MavenFeb2024.ExcelSample@515f4131]" started-at="2024-03-05T18:54:13 IST" name="test" data-provider="getDataTest" finished-at="2024-03-05T18:54:13 IST" duration-ms="2" status="PASS">
          <params>
            <param index="0">
              <value>
                <![CDATA[2]]>
              </value>
            </param>
            <param index="1">
              <value>
                <![CDATA[202]]>
              </value>
            </param>
            <param index="2">
              <value>
                <![CDATA[Tom]]>
              </value>
            </param>
            <param index="3">
              <value>
                <![CDATA[IT]]>
              </value>
            </param>
          </params>
          <reporter-output>
          </reporter-output>
        </test-method> <!-- test -->
        <test-method signature="test(java.lang.String,java.lang.String,java.lang.String,java.lang.String)[pri:0, instance:andoorathodi.MavenFeb2024.ExcelSample@515f4131]" started-at="2024-03-05T18:54:13 IST" name="test" data-provider="getDataTest" finished-at="2024-03-05T18:54:13 IST" duration-ms="0" status="PASS">
          <params>
            <param index="0">
              <value>
                <![CDATA[3]]>
              </value>
            </param>
            <param index="1">
              <value>
                <![CDATA[303]]>
              </value>
            </param>
            <param index="2">
              <value>
                <![CDATA[Raj]]>
              </value>
            </param>
            <param index="3">
              <value>
                <![CDATA[CS]]>
              </value>
            </param>
          </params>
          <reporter-output>
          </reporter-output>
        </test-method> <!-- test -->
        <test-method signature="test(java.lang.String,java.lang.String,java.lang.String,java.lang.String)[pri:0, instance:andoorathodi.MavenFeb2024.ExcelSample@515f4131]" started-at="2024-03-05T18:54:13 IST" name="test" data-provider="getDataTest" finished-at="2024-03-05T18:54:13 IST" duration-ms="1" status="PASS">
          <params>
            <param index="0">
              <value>
                <![CDATA[4]]>
              </value>
            </param>
            <param index="1">
              <value>
                <![CDATA[404]]>
              </value>
            </param>
            <param index="2">
              <value>
                <![CDATA[Vijay]]>
              </value>
            </param>
            <param index="3">
              <value>
                <![CDATA[EE]]>
              </value>
            </param>
          </params>
          <reporter-output>
          </reporter-output>
        </test-method> <!-- test -->
      </class> <!-- andoorathodi.MavenFeb2024.ExcelSample -->
    </test> <!-- Test -->
  </suite> <!-- Suite -->
</testng-results>
